Release 9.1.03i - xst J.33
Copyright (c) 1995-2007 Xilinx, Inc.  All rights reserved.
--> Parameter TMPDIR set to ./xst/projnav.tmp
CPU : 0.00 / 0.19 s | Elapsed : 0.00 / 0.00 s
 
--> Parameter xsthdpdir set to ./xst
CPU : 0.00 / 0.19 s | Elapsed : 0.00 / 0.00 s
 
--> Reading design: USR.prj

TABLE OF CONTENTS
  1) Synthesis Options Summary
  2) HDL Compilation
  3) Design Hierarchy Analysis
  4) HDL Analysis
  5) HDL Synthesis
     5.1) HDL Synthesis Report
  6) Advanced HDL Synthesis
     6.1) Advanced HDL Synthesis Report
  7) Low Level Synthesis
  8) Partition Report
  9) Final Report
     9.1) Device utilization summary
     9.2) Partition Resource Summary
     9.3) TIMING REPORT


=========================================================================
*                      Synthesis Options Summary                        *
=========================================================================
---- Source Parameters
Input File Name                    : "USR.prj"
Input Format                       : mixed
Ignore Synthesis Constraint File   : NO

---- Target Parameters
Output File Name                   : "USR"
Output Format                      : NGC
Target Device                      : xc3s500e-4-fg320

---- Source Options
Top Module Name                    : USR
Automatic FSM Extraction           : YES
FSM Encoding Algorithm             : Auto
Safe Implementation                : No
FSM Style                          : lut
RAM Extraction                     : Yes
RAM Style                          : Auto
ROM Extraction                     : Yes
Mux Style                          : Auto
Decoder Extraction                 : YES
Priority Encoder Extraction        : YES
Shift Register Extraction          : YES
Logical Shifter Extraction         : YES
XOR Collapsing                     : YES
ROM Style                          : Auto
Mux Extraction                     : YES
Resource Sharing                   : YES
Asynchronous To Synchronous        : NO
Multiplier Style                   : auto
Automatic Register Balancing       : No

---- Target Options
Add IO Buffers                     : YES
Global Maximum Fanout              : 500
Add Generic Clock Buffer(BUFG)     : 24
Register Duplication               : YES
Slice Packing                      : YES
Optimize Instantiated Primitives   : NO
Use Clock Enable                   : Yes
Use Synchronous Set                : Yes
Use Synchronous Reset              : Yes
Pack IO Registers into IOBs        : auto
Equivalent register Removal        : YES

---- General Options
Optimization Goal                  : Speed
Optimization Effort                : 1
Library Search Order               : USR.lso
Keep Hierarchy                     : NO
RTL Output                         : Yes
Global Optimization                : AllClockNets
Read Cores                         : YES
Write Timing Constraints           : NO
Cross Clock Analysis               : NO
Hierarchy Separator                : /
Bus Delimiter                      : <>
Case Specifier                     : maintain
Slice Utilization Ratio            : 100
BRAM Utilization Ratio             : 100
Verilog 2001                       : YES
Auto BRAM Packing                  : NO
Slice Utilization Ratio Delta      : 5

=========================================================================


=========================================================================
*                          HDL Compilation                              *
=========================================================================
Compiling vhdl file "C:/USR/USR.vhd" in Library work.
Entity <USR> compiled.
Entity <USR> (Architecture <my_sr>) compiled.

=========================================================================
*                     Design Hierarchy Analysis                         *
=========================================================================
Analyzing hierarchy for entity <USR> in library <work> (architecture <my_sr>).


=========================================================================
*                            HDL Analysis                               *
=========================================================================
Analyzing Entity <USR> in library <work> (Architecture <my_sr>).
INFO:Xst:1561 - "C:/USR/USR.vhd" line 54: Mux is complete : default of case is discarded
Entity <USR> analyzed. Unit <USR> generated.


=========================================================================
*                           HDL Synthesis                               *
=========================================================================

Performing bidirectional port resolution...

Synthesizing Unit <USR>.
    Related source file is "C:/USR/USR.vhd".
    Found 8-bit register for signal <tmp_D>.
    Found 8-bit 4-to-1 multiplexer for signal <tmp_D$mux0000> created at line 46.
    Summary:
	inferred   8 D-type flip-flop(s).
	inferred   8 Multiplexer(s).
Unit <USR> synthesized.


=========================================================================
HDL Synthesis Report

Macro Statistics
# Registers                                            : 1
 8-bit register                                        : 1
# Multiplexers                                         : 1
 8-bit 4-to-1 multiplexer                              : 1

=========================================================================

=========================================================================
*                       Advanced HDL Synthesis                          *
=========================================================================

Loading device for application Rf_Device from file '3s500e.nph' in environment C:\Xilinx\ISE91.

=========================================================================
Advanced HDL Synthesis Report

Macro Statistics
# Registers                                            : 8
 Flip-Flops                                            : 8
# Multiplexers                                         : 1
 8-bit 4-to-1 multiplexer                              : 1

=========================================================================

=========================================================================
*                         Low Level Synthesis                           *
=========================================================================

Optimizing unit <USR> ...

Mapping all equations...
Building and optimizing final netlist ...
Found area constraint ratio of 100 (+ 5) on block USR, actual ratio is 0.

Final Macro Processing ...

=========================================================================
Final Register Report

Macro Statistics
# Registers                                            : 8
 Flip-Flops                                            : 8

=========================================================================

=========================================================================
*                          Partition Report                             *
=========================================================================

Partition Implementation Status
-------------------------------

  No Partitions were found in this design.

-------------------------------

=========================================================================
*                            Final Report                               *
=========================================================================
Final Results
RTL Top Level Output File Name     : USR.ngr
Top Level Output File Name         : USR
Output Format                      : NGC
Optimization Goal                  : Speed
Keep Hierarchy                     : NO

Design Statistics
# IOs                              : 21

Cell Usage :
# BELS                             : 24
#      LUT3                        : 16
#      MUXF5                       : 8
# FlipFlops/Latches                : 8
#      FD                          : 8
# Clock Buffers                    : 1
#      BUFGP                       : 1
# IO Buffers                       : 20
#      IBUF                        : 12
#      OBUF                        : 8
=========================================================================

Device utilization summary:
---------------------------

Selected Device : 3s500efg320-4 

 Number of Slices:                       8  out of   4656     0%  
 Number of Slice Flip Flops:             8  out of   9312     0%  
 Number of 4 input LUTs:                16  out of   9312     0%  
 Number of IOs:                         21
 Number of bonded IOBs:                 21  out of    232     9%  
 Number of GCLKs:                        1  out of     24     4%  

---------------------------
Partition Resource Summary:
---------------------------

  No Partitions were found in this design.

---------------------------


=========================================================================
TIMING REPORT

NOTE: THESE TIMING NUMBERS ARE ONLY A SYNTHESIS ESTIMATE.
      FOR ACCURATE TIMING INFORMATION PLEASE REFER TO THE TRACE REPORT
      GENERATED AFTER PLACE-and-ROUTE.

Clock Information:
------------------
-----------------------------------+------------------------+-------+
Clock Signal                       | Clock buffer(FF name)  | Load  |
-----------------------------------+------------------------+-------+
CLK                                | BUFGP                  | 8     |
-----------------------------------+------------------------+-------+

Asynchronous Control Signals Information:
----------------------------------------
No asynchronous control signals found in this design

Timing Summary:
---------------
Speed Grade: -4

   Minimum period: 2.590ns (Maximum Frequency: 386.100MHz)
   Minimum input arrival time before clock: 3.760ns
   Maximum output required time after clock: 4.450ns
   Maximum combinational path delay: No path found

Timing Detail:
--------------
All values displayed in nanoseconds (ns)

=========================================================================
Timing constraint: Default period analysis for Clock 'CLK'
  Clock period: 2.590ns (frequency: 386.100MHz)
  Total number of paths / destination ports: 22 / 8
-------------------------------------------------------------------------
Delay:               2.590ns (Levels of Logic = 2)
  Source:            tmp_D_1 (FF)
  Destination:       tmp_D_0 (FF)
  Source Clock:      CLK rising
  Destination Clock: CLK rising

  Data Path: tmp_D_1 to tmp_D_0
                                Gate     Net
    Cell:in->out      fanout   Delay   Delay  Logical Name (Net Name)
    ----------------------------------------  ------------
     FD:C->Q               4   0.591   0.666  tmp_D_1 (tmp_D_1)
     LUT3:I1->O            1   0.704   0.000  Mmux_tmp_D_mux0000_2_f5_G (N7)
     MUXF5:I1->O           1   0.321   0.000  Mmux_tmp_D_mux0000_2_f5 (tmp_D_mux0000<0>)
     FD:D                      0.308          tmp_D_0
    ----------------------------------------
    Total                      2.590ns (1.924ns logic, 0.666ns route)
                                       (74.3% logic, 25.7% route)

=========================================================================
Timing constraint: Default OFFSET IN BEFORE for Clock 'CLK'
  Total number of paths / destination ports: 34 / 8
-------------------------------------------------------------------------
Offset:              3.760ns (Levels of Logic = 3)
  Source:            SEL<0> (PAD)
  Destination:       tmp_D_0 (FF)
  Destination Clock: CLK rising

  Data Path: SEL<0> to tmp_D_0
                                Gate     Net
    Cell:in->out      fanout   Delay   Delay  Logical Name (Net Name)
    ----------------------------------------  ------------
     IBUF:I->O            16   1.218   1.209  SEL_0_IBUF (SEL_0_IBUF)
     LUT3:I0->O            1   0.704   0.000  Mmux_tmp_D_mux0000_2_f5_6_F (N4)
     MUXF5:I0->O           1   0.321   0.000  Mmux_tmp_D_mux0000_2_f5_6 (tmp_D_mux0000<7>)
     FD:D                      0.308          tmp_D_7
    ----------------------------------------
    Total                      3.760ns (2.551ns logic, 1.209ns route)
                                       (67.8% logic, 32.2% route)

=========================================================================
Timing constraint: Default OFFSET OUT AFTER for Clock 'CLK'
  Total number of paths / destination ports: 8 / 8
-------------------------------------------------------------------------
Offset:              4.450ns (Levels of Logic = 1)
  Source:            tmp_D_6 (FF)
  Destination:       D_OUT<6> (PAD)
  Source Clock:      CLK rising

  Data Path: tmp_D_6 to D_OUT<6>
                                Gate     Net
    Cell:in->out      fanout   Delay   Delay  Logical Name (Net Name)
    ----------------------------------------  ------------
     FD:C->Q               4   0.591   0.587  tmp_D_6 (tmp_D_6)
     OBUF:I->O                 3.272          D_OUT_6_OBUF (D_OUT<6>)
    ----------------------------------------
    Total                      4.450ns (3.863ns logic, 0.587ns route)
                                       (86.8% logic, 13.2% route)

=========================================================================
CPU : 3.25 / 3.45 s | Elapsed : 4.00 / 4.00 s
 
--> 

Total memory usage is 157576 kilobytes

Number of errors   :    0 (   0 filtered)
Number of warnings :    0 (   0 filtered)
Number of infos    :    1 (   0 filtered)

