Release 9.1.03i - xst J.33
Copyright (c) 1995-2007 Xilinx, Inc.  All rights reserved.
--> Parameter TMPDIR set to ./xst/projnav.tmp
CPU : 0.00 / 0.16 s | Elapsed : 0.00 / 0.00 s
 
--> Parameter xsthdpdir set to ./xst
CPU : 0.00 / 0.16 s | Elapsed : 0.00 / 0.00 s
 
--> Reading design: prog_rom.prj

TABLE OF CONTENTS
  1) Synthesis Options Summary
  2) HDL Compilation
  3) Design Hierarchy Analysis
  4) HDL Analysis
  5) HDL Synthesis
     5.1) HDL Synthesis Report
  6) Advanced HDL Synthesis
     6.1) Advanced HDL Synthesis Report
  7) Low Level Synthesis
  8) Partition Report
  9) Final Report
     9.1) Device utilization summary
     9.2) Partition Resource Summary
     9.3) TIMING REPORT


=========================================================================
*                      Synthesis Options Summary                        *
=========================================================================
---- Source Parameters
Input File Name                    : "prog_rom.prj"
Input Format                       : mixed
Ignore Synthesis Constraint File   : NO

---- Target Parameters
Output File Name                   : "prog_rom"
Output Format                      : NGC
Target Device                      : xc3s500e-4-fg320

---- Source Options
Top Module Name                    : prog_rom
Automatic FSM Extraction           : YES
FSM Encoding Algorithm             : Auto
Safe Implementation                : No
FSM Style                          : lut
RAM Extraction                     : Yes
RAM Style                          : Auto
ROM Extraction                     : Yes
Mux Style                          : Auto
Decoder Extraction                 : YES
Priority Encoder Extraction        : YES
Shift Register Extraction          : YES
Logical Shifter Extraction         : YES
XOR Collapsing                     : YES
ROM Style                          : Auto
Mux Extraction                     : YES
Resource Sharing                   : YES
Asynchronous To Synchronous        : NO
Multiplier Style                   : auto
Automatic Register Balancing       : No

---- Target Options
Add IO Buffers                     : YES
Global Maximum Fanout              : 500
Add Generic Clock Buffer(BUFG)     : 24
Register Duplication               : YES
Slice Packing                      : YES
Optimize Instantiated Primitives   : NO
Use Clock Enable                   : Yes
Use Synchronous Set                : Yes
Use Synchronous Reset              : Yes
Pack IO Registers into IOBs        : auto
Equivalent register Removal        : YES

---- General Options
Optimization Goal                  : Speed
Optimization Effort                : 1
Library Search Order               : prog_rom.lso
Keep Hierarchy                     : NO
RTL Output                         : Yes
Global Optimization                : AllClockNets
Read Cores                         : YES
Write Timing Constraints           : NO
Cross Clock Analysis               : NO
Hierarchy Separator                : /
Bus Delimiter                      : <>
Case Specifier                     : maintain
Slice Utilization Ratio            : 100
BRAM Utilization Ratio             : 100
Verilog 2001                       : YES
Auto BRAM Packing                  : NO
Slice Utilization Ratio Delta      : 5

=========================================================================


=========================================================================
*                          HDL Compilation                              *
=========================================================================
WARNING:HDLParsers:3607 - Unit work/prog_rom is now defined in a different file.  It was defined in "C:/usr/Xilinx/Exp6/PROG_ROM.VHD", and is now defined in "C:/Documents and Settings/sturm121/Desktop/picoblazeBase2/PROG_ROM.VHD".
WARNING:HDLParsers:3607 - Unit work/prog_rom/low_level_definition is now defined in a different file.  It was defined in "C:/usr/Xilinx/Exp6/PROG_ROM.VHD", and is now defined in "C:/Documents and Settings/sturm121/Desktop/picoblazeBase2/PROG_ROM.VHD".
Compiling vhdl file "C:/Documents and Settings/sturm121/Desktop/picoblazeBase2/PROG_ROM.VHD" in Library work.
Entity <prog_rom> compiled.
Entity <prog_rom> (Architecture <low_level_definition>) compiled.

=========================================================================
*                     Design Hierarchy Analysis                         *
=========================================================================
Analyzing hierarchy for entity <prog_rom> in library <work> (architecture <low_level_definition>).

WARNING:Xst:2591 - "C:/Documents and Settings/sturm121/Desktop/picoblazeBase2/PROG_ROM.VHD" line 182: attribute on instance <INIT_00> overrides generic/parameter on component. It is possible that simulator will not take this attribute into account.
WARNING:Xst:2591 - "C:/Documents and Settings/sturm121/Desktop/picoblazeBase2/PROG_ROM.VHD" line 182: attribute on instance <INIT_01> overrides generic/parameter on component. It is possible that simulator will not take this attribute into account.
WARNING:Xst:2591 - "C:/Documents and Settings/sturm121/Desktop/picoblazeBase2/PROG_ROM.VHD" line 182: attribute on instance <INIT_02> overrides generic/parameter on component. It is possible that simulator will not take this attribute into account.
WARNING:Xst:2591 - "C:/Documents and Settings/sturm121/Desktop/picoblazeBase2/PROG_ROM.VHD" line 182: attribute on instance <INIT_03> overrides generic/parameter on component. It is possible that simulator will not take this attribute into account.
WARNING:Xst:2591 - "C:/Documents and Settings/sturm121/Desktop/picoblazeBase2/PROG_ROM.VHD" line 182: attribute on instance <INIT_04> overrides generic/parameter on component. It is possible that simulator will not take this attribute into account.
WARNING:Xst:2591 - "C:/Documents and Settings/sturm121/Desktop/picoblazeBase2/PROG_ROM.VHD" line 182: attribute on instance <INIT_05> overrides generic/parameter on component. It is possible that simulator will not take this attribute into account.
WARNING:Xst:2591 - "C:/Documents and Settings/sturm121/Desktop/picoblazeBase2/PROG_ROM.VHD" line 182: attribute on instance <INIT_06> overrides generic/parameter on component. It is possible that simulator will not take this attribute into account.
WARNING:Xst:2591 - "C:/Documents and Settings/sturm121/Desktop/picoblazeBase2/PROG_ROM.VHD" line 182: attribute on instance <INIT_07> overrides generic/parameter on component. It is possible that simulator will not take this attribute into account.
WARNING:Xst:2591 - "C:/Documents and Settings/sturm121/Desktop/picoblazeBase2/PROG_ROM.VHD" line 182: attribute on instance <INIT_08> overrides generic/parameter on component. It is possible that simulator will not take this attribute into account.
WARNING:Xst:2591 - "C:/Documents and Settings/sturm121/Desktop/picoblazeBase2/PROG_ROM.VHD" line 182: attribute on instance <INIT_09> overrides generic/parameter on component. It is possible that simulator will not take this attribute into account.
WARNING:Xst:2591 - "C:/Documents and Settings/sturm121/Desktop/picoblazeBase2/PROG_ROM.VHD" line 182: attribute on instance <INIT_0A> overrides generic/parameter on component. It is possible that simulator will not take this attribute into account.
WARNING:Xst:2591 - "C:/Documents and Settings/sturm121/Desktop/picoblazeBase2/PROG_ROM.VHD" line 182: attribute on instance <INIT_0B> overrides generic/parameter on component. It is possible that simulator will not take this attribute into account.
WARNING:Xst:2591 - "C:/Documents and Settings/sturm121/Desktop/picoblazeBase2/PROG_ROM.VHD" line 182: attribute on instance <INIT_0C> overrides generic/parameter on component. It is possible that simulator will not take this attribute into account.
WARNING:Xst:2591 - "C:/Documents and Settings/sturm121/Desktop/picoblazeBase2/PROG_ROM.VHD" line 182: attribute on instance <INIT_0D> overrides generic/parameter on component. It is possible that simulator will not take this attribute into account.
WARNING:Xst:2591 - "C:/Documents and Settings/sturm121/Desktop/picoblazeBase2/PROG_ROM.VHD" line 182: attribute on instance <INIT_0E> overrides generic/parameter on component. It is possible that simulator will not take this attribute into account.
WARNING:Xst:2591 - "C:/Documents and Settings/sturm121/Desktop/picoblazeBase2/PROG_ROM.VHD" line 182: attribute on instance <INIT_0F> overrides generic/parameter on component. It is possible that simulator will not take this attribute into account.
WARNING:Xst:2591 - "C:/Documents and Settings/sturm121/Desktop/picoblazeBase2/PROG_ROM.VHD" line 182: attribute on instance <INIT_10> overrides generic/parameter on component. It is possible that simulator will not take this attribute into account.
WARNING:Xst:2591 - "C:/Documents and Settings/sturm121/Desktop/picoblazeBase2/PROG_ROM.VHD" line 182: attribute on instance <INIT_11> overrides generic/parameter on component. It is possible that simulator will not take this attribute into account.
WARNING:Xst:2591 - "C:/Documents and Settings/sturm121/Desktop/picoblazeBase2/PROG_ROM.VHD" line 182: attribute on instance <INIT_12> overrides generic/parameter on component. It is possible that simulator will not take this attribute into account.
WARNING:Xst:2591 - "C:/Documents and Settings/sturm121/Desktop/picoblazeBase2/PROG_ROM.VHD" line 182: attribute on instance <INIT_13> overrides generic/parameter on component. It is possible that simulator will not take this attribute into account.
WARNING:Xst:2591 - "C:/Documents and Settings/sturm121/Desktop/picoblazeBase2/PROG_ROM.VHD" line 182: attribute on instance <INIT_14> overrides generic/parameter on component. It is possible that simulator will not take this attribute into account.
WARNING:Xst:2591 - "C:/Documents and Settings/sturm121/Desktop/picoblazeBase2/PROG_ROM.VHD" line 182: attribute on instance <INIT_15> overrides generic/parameter on component. It is possible that simulator will not take this attribute into account.
WARNING:Xst:2591 - "C:/Documents and Settings/sturm121/Desktop/picoblazeBase2/PROG_ROM.VHD" line 182: attribute on instance <INIT_16> overrides generic/parameter on component. It is possible that simulator will not take this attribute into account.
WARNING:Xst:2591 - "C:/Documents and Settings/sturm121/Desktop/picoblazeBase2/PROG_ROM.VHD" line 182: attribute on instance <INIT_17> overrides generic/parameter on component. It is possible that simulator will not take this attribute into account.
WARNING:Xst:2591 - "C:/Documents and Settings/sturm121/Desktop/picoblazeBase2/PROG_ROM.VHD" line 182: attribute on instance <INIT_18> overrides generic/parameter on component. It is possible that simulator will not take this attribute into account.
WARNING:Xst:2591 - "C:/Documents and Settings/sturm121/Desktop/picoblazeBase2/PROG_ROM.VHD" line 182: attribute on instance <INIT_19> overrides generic/parameter on component. It is possible that simulator will not take this attribute into account.
WARNING:Xst:2591 - "C:/Documents and Settings/sturm121/Desktop/picoblazeBase2/PROG_ROM.VHD" line 182: attribute on instance <INIT_1A> overrides generic/parameter on component. It is possible that simulator will not take this attribute into account.
WARNING:Xst:2591 - "C:/Documents and Settings/sturm121/Desktop/picoblazeBase2/PROG_ROM.VHD" line 182: attribute on instance <INIT_1B> overrides generic/parameter on component. It is possible that simulator will not take this attribute into account.
WARNING:Xst:2591 - "C:/Documents and Settings/sturm121/Desktop/picoblazeBase2/PROG_ROM.VHD" line 182: attribute on instance <INIT_1C> overrides generic/parameter on component. It is possible that simulator will not take this attribute into account.
WARNING:Xst:2591 - "C:/Documents and Settings/sturm121/Desktop/picoblazeBase2/PROG_ROM.VHD" line 182: attribute on instance <INIT_1D> overrides generic/parameter on component. It is possible that simulator will not take this attribute into account.
WARNING:Xst:2591 - "C:/Documents and Settings/sturm121/Desktop/picoblazeBase2/PROG_ROM.VHD" line 182: attribute on instance <INIT_1E> overrides generic/parameter on component. It is possible that simulator will not take this attribute into account.
WARNING:Xst:2591 - "C:/Documents and Settings/sturm121/Desktop/picoblazeBase2/PROG_ROM.VHD" line 182: attribute on instance <INIT_1F> overrides generic/parameter on component. It is possible that simulator will not take this attribute into account.
WARNING:Xst:2591 - "C:/Documents and Settings/sturm121/Desktop/picoblazeBase2/PROG_ROM.VHD" line 182: attribute on instance <INIT_20> overrides generic/parameter on component. It is possible that simulator will not take this attribute into account.
WARNING:Xst:2591 - "C:/Documents and Settings/sturm121/Desktop/picoblazeBase2/PROG_ROM.VHD" line 182: attribute on instance <INIT_21> overrides generic/parameter on component. It is possible that simulator will not take this attribute into account.
WARNING:Xst:2591 - "C:/Documents and Settings/sturm121/Desktop/picoblazeBase2/PROG_ROM.VHD" line 182: attribute on instance <INIT_22> overrides generic/parameter on component. It is possible that simulator will not take this attribute into account.
WARNING:Xst:2591 - "C:/Documents and Settings/sturm121/Desktop/picoblazeBase2/PROG_ROM.VHD" line 182: attribute on instance <INIT_23> overrides generic/parameter on component. It is possible that simulator will not take this attribute into account.
WARNING:Xst:2591 - "C:/Documents and Settings/sturm121/Desktop/picoblazeBase2/PROG_ROM.VHD" line 182: attribute on instance <INIT_24> overrides generic/parameter on component. It is possible that simulator will not take this attribute into account.
WARNING:Xst:2591 - "C:/Documents and Settings/sturm121/Desktop/picoblazeBase2/PROG_ROM.VHD" line 182: attribute on instance <INIT_25> overrides generic/parameter on component. It is possible that simulator will not take this attribute into account.
WARNING:Xst:2591 - "C:/Documents and Settings/sturm121/Desktop/picoblazeBase2/PROG_ROM.VHD" line 182: attribute on instance <INIT_26> overrides generic/parameter on component. It is possible that simulator will not take this attribute into account.
WARNING:Xst:2591 - "C:/Documents and Settings/sturm121/Desktop/picoblazeBase2/PROG_ROM.VHD" line 182: attribute on instance <INIT_27> overrides generic/parameter on component. It is possible that simulator will not take this attribute into account.
WARNING:Xst:2591 - "C:/Documents and Settings/sturm121/Desktop/picoblazeBase2/PROG_ROM.VHD" line 182: attribute on instance <INIT_28> overrides generic/parameter on component. It is possible that simulator will not take this attribute into account.
WARNING:Xst:2591 - "C:/Documents and Settings/sturm121/Desktop/picoblazeBase2/PROG_ROM.VHD" line 182: attribute on instance <INIT_29> overrides generic/parameter on component. It is possible that simulator will not take this attribute into account.
WARNING:Xst:2591 - "C:/Documents and Settings/sturm121/Desktop/picoblazeBase2/PROG_ROM.VHD" line 182: attribute on instance <INIT_2A> overrides generic/parameter on component. It is possible that simulator will not take this attribute into account.
WARNING:Xst:2591 - "C:/Documents and Settings/sturm121/Desktop/picoblazeBase2/PROG_ROM.VHD" line 182: attribute on instance <INIT_2B> overrides generic/parameter on component. It is possible that simulator will not take this attribute into account.
WARNING:Xst:2591 - "C:/Documents and Settings/sturm121/Desktop/picoblazeBase2/PROG_ROM.VHD" line 182: attribute on instance <INIT_2C> overrides generic/parameter on component. It is possible that simulator will not take this attribute into account.
WARNING:Xst:2591 - "C:/Documents and Settings/sturm121/Desktop/picoblazeBase2/PROG_ROM.VHD" line 182: attribute on instance <INIT_2D> overrides generic/parameter on component. It is possible that simulator will not take this attribute into account.
WARNING:Xst:2591 - "C:/Documents and Settings/sturm121/Desktop/picoblazeBase2/PROG_ROM.VHD" line 182: attribute on instance <INIT_2E> overrides generic/parameter on component. It is possible that simulator will not take this attribute into account.
WARNING:Xst:2591 - "C:/Documents and Settings/sturm121/Desktop/picoblazeBase2/PROG_ROM.VHD" line 182: attribute on instance <INIT_2F> overrides generic/parameter on component. It is possible that simulator will not take this attribute into account.
WARNING:Xst:2591 - "C:/Documents and Settings/sturm121/Desktop/picoblazeBase2/PROG_ROM.VHD" line 182: attribute on instance <INIT_30> overrides generic/parameter on component. It is possible that simulator will not take this attribute into account.
WARNING:Xst:2591 - "C:/Documents and Settings/sturm121/Desktop/picoblazeBase2/PROG_ROM.VHD" line 182: attribute on instance <INIT_31> overrides generic/parameter on component. It is possible that simulator will not take this attribute into account.
WARNING:Xst:2591 - "C:/Documents and Settings/sturm121/Desktop/picoblazeBase2/PROG_ROM.VHD" line 182: attribute on instance <INIT_32> overrides generic/parameter on component. It is possible that simulator will not take this attribute into account.
WARNING:Xst:2591 - "C:/Documents and Settings/sturm121/Desktop/picoblazeBase2/PROG_ROM.VHD" line 182: attribute on instance <INIT_33> overrides generic/parameter on component. It is possible that simulator will not take this attribute into account.
WARNING:Xst:2591 - "C:/Documents and Settings/sturm121/Desktop/picoblazeBase2/PROG_ROM.VHD" line 182: attribute on instance <INIT_34> overrides generic/parameter on component. It is possible that simulator will not take this attribute into account.
WARNING:Xst:2591 - "C:/Documents and Settings/sturm121/Desktop/picoblazeBase2/PROG_ROM.VHD" line 182: attribute on instance <INIT_35> overrides generic/parameter on component. It is possible that simulator will not take this attribute into account.
WARNING:Xst:2591 - "C:/Documents and Settings/sturm121/Desktop/picoblazeBase2/PROG_ROM.VHD" line 182: attribute on instance <INIT_36> overrides generic/parameter on component. It is possible that simulator will not take this attribute into account.
WARNING:Xst:2591 - "C:/Documents and Settings/sturm121/Desktop/picoblazeBase2/PROG_ROM.VHD" line 182: attribute on instance <INIT_37> overrides generic/parameter on component. It is possible that simulator will not take this attribute into account.
WARNING:Xst:2591 - "C:/Documents and Settings/sturm121/Desktop/picoblazeBase2/PROG_ROM.VHD" line 182: attribute on instance <INIT_38> overrides generic/parameter on component. It is possible that simulator will not take this attribute into account.
WARNING:Xst:2591 - "C:/Documents and Settings/sturm121/Desktop/picoblazeBase2/PROG_ROM.VHD" line 182: attribute on instance <INIT_39> overrides generic/parameter on component. It is possible that simulator will not take this attribute into account.
WARNING:Xst:2591 - "C:/Documents and Settings/sturm121/Desktop/picoblazeBase2/PROG_ROM.VHD" line 182: attribute on instance <INIT_3A> overrides generic/parameter on component. It is possible that simulator will not take this attribute into account.
WARNING:Xst:2591 - "C:/Documents and Settings/sturm121/Desktop/picoblazeBase2/PROG_ROM.VHD" line 182: attribute on instance <INIT_3B> overrides generic/parameter on component. It is possible that simulator will not take this attribute into account.
WARNING:Xst:2591 - "C:/Documents and Settings/sturm121/Desktop/picoblazeBase2/PROG_ROM.VHD" line 182: attribute on instance <INIT_3C> overrides generic/parameter on component. It is possible that simulator will not take this attribute into account.
WARNING:Xst:2591 - "C:/Documents and Settings/sturm121/Desktop/picoblazeBase2/PROG_ROM.VHD" line 182: attribute on instance <INIT_3D> overrides generic/parameter on component. It is possible that simulator will not take this attribute into account.
WARNING:Xst:2591 - "C:/Documents and Settings/sturm121/Desktop/picoblazeBase2/PROG_ROM.VHD" line 182: attribute on instance <INIT_3E> overrides generic/parameter on component. It is possible that simulator will not take this attribute into account.
WARNING:Xst:2591 - "C:/Documents and Settings/sturm121/Desktop/picoblazeBase2/PROG_ROM.VHD" line 182: attribute on instance <INIT_3F> overrides generic/parameter on component. It is possible that simulator will not take this attribute into account.
WARNING:Xst:2591 - "C:/Documents and Settings/sturm121/Desktop/picoblazeBase2/PROG_ROM.VHD" line 182: attribute on instance <INITP_00> overrides generic/parameter on component. It is possible that simulator will not take this attribute into account.
WARNING:Xst:2591 - "C:/Documents and Settings/sturm121/Desktop/picoblazeBase2/PROG_ROM.VHD" line 182: attribute on instance <INITP_01> overrides generic/parameter on component. It is possible that simulator will not take this attribute into account.
WARNING:Xst:2591 - "C:/Documents and Settings/sturm121/Desktop/picoblazeBase2/PROG_ROM.VHD" line 182: attribute on instance <INITP_02> overrides generic/parameter on component. It is possible that simulator will not take this attribute into account.
WARNING:Xst:2591 - "C:/Documents and Settings/sturm121/Desktop/picoblazeBase2/PROG_ROM.VHD" line 182: attribute on instance <INITP_03> overrides generic/parameter on component. It is possible that simulator will not take this attribute into account.
WARNING:Xst:2591 - "C:/Documents and Settings/sturm121/Desktop/picoblazeBase2/PROG_ROM.VHD" line 182: attribute on instance <INITP_04> overrides generic/parameter on component. It is possible that simulator will not take this attribute into account.
WARNING:Xst:2591 - "C:/Documents and Settings/sturm121/Desktop/picoblazeBase2/PROG_ROM.VHD" line 182: attribute on instance <INITP_05> overrides generic/parameter on component. It is possible that simulator will not take this attribute into account.
WARNING:Xst:2591 - "C:/Documents and Settings/sturm121/Desktop/picoblazeBase2/PROG_ROM.VHD" line 182: attribute on instance <INITP_06> overrides generic/parameter on component. It is possible that simulator will not take this attribute into account.
WARNING:Xst:2591 - "C:/Documents and Settings/sturm121/Desktop/picoblazeBase2/PROG_ROM.VHD" line 182: attribute on instance <INITP_07> overrides generic/parameter on component. It is possible that simulator will not take this attribute into account.

=========================================================================
*                            HDL Analysis                               *
=========================================================================
Analyzing Entity <prog_rom> in library <work> (Architecture <low_level_definition>).
    Set user-defined property "INIT =  00000" for instance <ram_1024_x_18> in unit <prog_rom>.
    Set user-defined property "INIT_00 =  000000000000000000000000000000000000000000004002C00C4024C00800FF" for instance <ram_1024_x_18> in unit <prog_rom>.
    Set user-defined property "INIT_01 =  0000000000000000000000000000000000000000000000000000000000000000" for instance <ram_1024_x_18> in unit <prog_rom>.
    Set user-defined property "INIT_02 =  0000000000000000000000000000000000000000000000000000000000000000" for instance <ram_1024_x_18> in unit <prog_rom>.
    Set user-defined property "INIT_03 =  0000000000000000000000000000000000000000000000000000000000000000" for instance <ram_1024_x_18> in unit <prog_rom>.
    Set user-defined property "INIT_04 =  0000000000000000000000000000000000000000000000000000000000000000" for instance <ram_1024_x_18> in unit <prog_rom>.
    Set user-defined property "INIT_05 =  0000000000000000000000000000000000000000000000000000000000000000" for instance <ram_1024_x_18> in unit <prog_rom>.
    Set user-defined property "INIT_06 =  0000000000000000000000000000000000000000000000000000000000000000" for instance <ram_1024_x_18> in unit <prog_rom>.
    Set user-defined property "INIT_07 =  0000000000000000000000000000000000000000000000000000000000000000" for instance <ram_1024_x_18> in unit <prog_rom>.
    Set user-defined property "INIT_08 =  0000000000000000000000000000000000000000000000000000000000000000" for instance <ram_1024_x_18> in unit <prog_rom>.
    Set user-defined property "INIT_09 =  0000000000000000000000000000000000000000000000000000000000000000" for instance <ram_1024_x_18> in unit <prog_rom>.
    Set user-defined property "INIT_0A =  0000000000000000000000000000000000000000000000000000000000000000" for instance <ram_1024_x_18> in unit <prog_rom>.
    Set user-defined property "INIT_0B =  0000000000000000000000000000000000000000000000000000000000000000" for instance <ram_1024_x_18> in unit <prog_rom>.
    Set user-defined property "INIT_0C =  0000000000000000000000000000000000000000000000000000000000000000" for instance <ram_1024_x_18> in unit <prog_rom>.
    Set user-defined property "INIT_0D =  0000000000000000000000000000000000000000000000000000000000000000" for instance <ram_1024_x_18> in unit <prog_rom>.
    Set user-defined property "INIT_0E =  0000000000000000000000000000000000000000000000000000000000000000" for instance <ram_1024_x_18> in unit <prog_rom>.
    Set user-defined property "INIT_0F =  0000000000000000000000000000000000000000000000000000000000000000" for instance <ram_1024_x_18> in unit <prog_rom>.
    Set user-defined property "INIT_10 =  0000000000000000000000000000000000000000000000000000000000000000" for instance <ram_1024_x_18> in unit <prog_rom>.
    Set user-defined property "INIT_11 =  0000000000000000000000000000000000000000000000000000000000000000" for instance <ram_1024_x_18> in unit <prog_rom>.
    Set user-defined property "INIT_12 =  0000000000000000000000000000000000000000000000000000000000000000" for instance <ram_1024_x_18> in unit <prog_rom>.
    Set user-defined property "INIT_13 =  0000000000000000000000000000000000000000000000000000000000000000" for instance <ram_1024_x_18> in unit <prog_rom>.
    Set user-defined property "INIT_14 =  0000000000000000000000000000000000000000000000000000000000000000" for instance <ram_1024_x_18> in unit <prog_rom>.
    Set user-defined property "INIT_15 =  0000000000000000000000000000000000000000000000000000000000000000" for instance <ram_1024_x_18> in unit <prog_rom>.
    Set user-defined property "INIT_16 =  0000000000000000000000000000000000000000000000000000000000000000" for instance <ram_1024_x_18> in unit <prog_rom>.
    Set user-defined property "INIT_17 =  0000000000000000000000000000000000000000000000000000000000000000" for instance <ram_1024_x_18> in unit <prog_rom>.
    Set user-defined property "INIT_18 =  0000000000000000000000000000000000000000000000000000000000000000" for instance <ram_1024_x_18> in unit <prog_rom>.
    Set user-defined property "INIT_19 =  0000000000000000000000000000000000000000000000000000000000000000" for instance <ram_1024_x_18> in unit <prog_rom>.
    Set user-defined property "INIT_1A =  0000000000000000000000000000000000000000000000000000000000000000" for instance <ram_1024_x_18> in unit <prog_rom>.
    Set user-defined property "INIT_1B =  0000000000000000000000000000000000000000000000000000000000000000" for instance <ram_1024_x_18> in unit <prog_rom>.
    Set user-defined property "INIT_1C =  0000000000000000000000000000000000000000000000000000000000000000" for instance <ram_1024_x_18> in unit <prog_rom>.
    Set user-defined property "INIT_1D =  0000000000000000000000000000000000000000000000000000000000000000" for instance <ram_1024_x_18> in unit <prog_rom>.
    Set user-defined property "INIT_1E =  0000000000000000000000000000000000000000000000000000000000000000" for instance <ram_1024_x_18> in unit <prog_rom>.
    Set user-defined property "INIT_1F =  0000000000000000000000000000000000000000000000000000000000000000" for instance <ram_1024_x_18> in unit <prog_rom>.
    Set user-defined property "INIT_20 =  0000000000000000000000000000000000000000000000000000000000000000" for instance <ram_1024_x_18> in unit <prog_rom>.
    Set user-defined property "INIT_21 =  0000000000000000000000000000000000000000000000000000000000000000" for instance <ram_1024_x_18> in unit <prog_rom>.
    Set user-defined property "INIT_22 =  0000000000000000000000000000000000000000000000000000000000000000" for instance <ram_1024_x_18> in unit <prog_rom>.
    Set user-defined property "INIT_23 =  0000000000000000000000000000000000000000000000000000000000000000" for instance <ram_1024_x_18> in unit <prog_rom>.
    Set user-defined property "INIT_24 =  0000000000000000000000000000000000000000000000000000000000000000" for instance <ram_1024_x_18> in unit <prog_rom>.
    Set user-defined property "INIT_25 =  0000000000000000000000000000000000000000000000000000000000000000" for instance <ram_1024_x_18> in unit <prog_rom>.
    Set user-defined property "INIT_26 =  0000000000000000000000000000000000000000000000000000000000000000" for instance <ram_1024_x_18> in unit <prog_rom>.
    Set user-defined property "INIT_27 =  0000000000000000000000000000000000000000000000000000000000000000" for instance <ram_1024_x_18> in unit <prog_rom>.
    Set user-defined property "INIT_28 =  0000000000000000000000000000000000000000000000000000000000000000" for instance <ram_1024_x_18> in unit <prog_rom>.
    Set user-defined property "INIT_29 =  0000000000000000000000000000000000000000000000000000000000000000" for instance <ram_1024_x_18> in unit <prog_rom>.
    Set user-defined property "INIT_2A =  0000000000000000000000000000000000000000000000000000000000000000" for instance <ram_1024_x_18> in unit <prog_rom>.
    Set user-defined property "INIT_2B =  0000000000000000000000000000000000000000000000000000000000000000" for instance <ram_1024_x_18> in unit <prog_rom>.
    Set user-defined property "INIT_2C =  0000000000000000000000000000000000000000000000000000000000000000" for instance <ram_1024_x_18> in unit <prog_rom>.
    Set user-defined property "INIT_2D =  0000000000000000000000000000000000000000000000000000000000000000" for instance <ram_1024_x_18> in unit <prog_rom>.
    Set user-defined property "INIT_2E =  0000000000000000000000000000000000000000000000000000000000000000" for instance <ram_1024_x_18> in unit <prog_rom>.
    Set user-defined property "INIT_2F =  0000000000000000000000000000000000000000000000000000000000000000" for instance <ram_1024_x_18> in unit <prog_rom>.
    Set user-defined property "INIT_30 =  0000000000000000000000000000000000000000000000000000000000000000" for instance <ram_1024_x_18> in unit <prog_rom>.
    Set user-defined property "INIT_31 =  0000000000000000000000000000000000000000000000000000000000000000" for instance <ram_1024_x_18> in unit <prog_rom>.
    Set user-defined property "INIT_32 =  0000000000000000000000000000000000000000000000000000000000000000" for instance <ram_1024_x_18> in unit <prog_rom>.
    Set user-defined property "INIT_33 =  0000000000000000000000000000000000000000000000000000000000000000" for instance <ram_1024_x_18> in unit <prog_rom>.
    Set user-defined property "INIT_34 =  0000000000000000000000000000000000000000000000000000000000000000" for instance <ram_1024_x_18> in unit <prog_rom>.
    Set user-defined property "INIT_35 =  0000000000000000000000000000000000000000000000000000000000000000" for instance <ram_1024_x_18> in unit <prog_rom>.
    Set user-defined property "INIT_36 =  0000000000000000000000000000000000000000000000000000000000000000" for instance <ram_1024_x_18> in unit <prog_rom>.
    Set user-defined property "INIT_37 =  0000000000000000000000000000000000000000000000000000000000000000" for instance <ram_1024_x_18> in unit <prog_rom>.
    Set user-defined property "INIT_38 =  0000000000000000000000000000000000000000000000000000000000000000" for instance <ram_1024_x_18> in unit <prog_rom>.
    Set user-defined property "INIT_39 =  0000000000000000000000000000000000000000000000000000000000000000" for instance <ram_1024_x_18> in unit <prog_rom>.
    Set user-defined property "INIT_3A =  0000000000000000000000000000000000000000000000000000000000000000" for instance <ram_1024_x_18> in unit <prog_rom>.
    Set user-defined property "INIT_3B =  0000000000000000000000000000000000000000000000000000000000000000" for instance <ram_1024_x_18> in unit <prog_rom>.
    Set user-defined property "INIT_3C =  0000000000000000000000000000000000000000000000000000000000000000" for instance <ram_1024_x_18> in unit <prog_rom>.
    Set user-defined property "INIT_3D =  0000000000000000000000000000000000000000000000000000000000000000" for instance <ram_1024_x_18> in unit <prog_rom>.
    Set user-defined property "INIT_3E =  0000000000000000000000000000000000000000000000000000000000000000" for instance <ram_1024_x_18> in unit <prog_rom>.
    Set user-defined property "INIT_3F =  0000000000000000000000000000000000000000000000000000000000000000" for instance <ram_1024_x_18> in unit <prog_rom>.
    Set user-defined property "INITP_00 =  0000000000000000000000000000000000000000000000000000000000000388" for instance <ram_1024_x_18> in unit <prog_rom>.
    Set user-defined property "INITP_01 =  0000000000000000000000000000000000000000000000000000000000000000" for instance <ram_1024_x_18> in unit <prog_rom>.
    Set user-defined property "INITP_02 =  0000000000000000000000000000000000000000000000000000000000000000" for instance <ram_1024_x_18> in unit <prog_rom>.
    Set user-defined property "INITP_03 =  0000000000000000000000000000000000000000000000000000000000000000" for instance <ram_1024_x_18> in unit <prog_rom>.
    Set user-defined property "INITP_04 =  0000000000000000000000000000000000000000000000000000000000000000" for instance <ram_1024_x_18> in unit <prog_rom>.
    Set user-defined property "INITP_05 =  0000000000000000000000000000000000000000000000000000000000000000" for instance <ram_1024_x_18> in unit <prog_rom>.
    Set user-defined property "INITP_06 =  0000000000000000000000000000000000000000000000000000000000000000" for instance <ram_1024_x_18> in unit <prog_rom>.
    Set user-defined property "INITP_07 =  0000000000000000000000000000000000000000000000000000000000000000" for instance <ram_1024_x_18> in unit <prog_rom>.
    Set user-defined property "SRVAL =  00000" for instance <ram_1024_x_18> in unit <prog_rom>.
    Set user-defined property "write_mode =  WRITE_FIRST" for instance <ram_1024_x_18> in unit <prog_rom>.
Entity <prog_rom> analyzed. Unit <prog_rom> generated.


=========================================================================
*                           HDL Synthesis                               *
=========================================================================

Performing bidirectional port resolution...

Synthesizing Unit <prog_rom>.
    Related source file is "C:/Documents and Settings/sturm121/Desktop/picoblazeBase2/PROG_ROM.VHD".
Unit <prog_rom> synthesized.


=========================================================================
HDL Synthesis Report

Found no macro
=========================================================================

=========================================================================
*                       Advanced HDL Synthesis                          *
=========================================================================

Loading device for application Rf_Device from file '3s500e.nph' in environment C:\Xilinx\ISE91.

=========================================================================
Advanced HDL Synthesis Report

Found no macro
=========================================================================

=========================================================================
*                         Low Level Synthesis                           *
=========================================================================

Optimizing unit <prog_rom> ...

Mapping all equations...
Building and optimizing final netlist ...
Found area constraint ratio of 100 (+ 5) on block prog_rom, actual ratio is 0.

Final Macro Processing ...

=========================================================================
Final Register Report

Found no macro
=========================================================================

=========================================================================
*                          Partition Report                             *
=========================================================================

Partition Implementation Status
-------------------------------

  No Partitions were found in this design.

-------------------------------

=========================================================================
*                            Final Report                               *
=========================================================================
Final Results
RTL Top Level Output File Name     : prog_rom.ngr
Top Level Output File Name         : prog_rom
Output Format                      : NGC
Optimization Goal                  : Speed
Keep Hierarchy                     : NO

Design Statistics
# IOs                              : 29

Cell Usage :
# BELS                             : 2
#      GND                         : 1
#      VCC                         : 1
# RAMS                             : 1
#      RAMB16_S18                  : 1
# Clock Buffers                    : 1
#      BUFGP                       : 1
# IO Buffers                       : 28
#      IBUF                        : 10
#      OBUF                        : 18
=========================================================================

Device utilization summary:
---------------------------

Selected Device : 3s500efg320-4 

 Number of Slices:                       0  out of   4656     0%  
 Number of IOs:                         29
 Number of bonded IOBs:                 29  out of    232    12%  
 Number of BRAMs:                        1  out of     20     5%  
 Number of GCLKs:                        1  out of     24     4%  

---------------------------
Partition Resource Summary:
---------------------------

  No Partitions were found in this design.

---------------------------


=========================================================================
TIMING REPORT

NOTE: THESE TIMING NUMBERS ARE ONLY A SYNTHESIS ESTIMATE.
      FOR ACCURATE TIMING INFORMATION PLEASE REFER TO THE TRACE REPORT
      GENERATED AFTER PLACE-and-ROUTE.

Clock Information:
------------------
No clock signals found in this design

Asynchronous Control Signals Information:
----------------------------------------
No asynchronous control signals found in this design

Timing Summary:
---------------
Speed Grade: -4

   Minimum period: No path found
   Minimum input arrival time before clock: No path found
   Maximum output required time after clock: No path found
   Maximum combinational path delay: No path found

Timing Detail:
--------------
All values displayed in nanoseconds (ns)

=========================================================================
CPU : 3.44 / 3.63 s | Elapsed : 4.00 / 4.00 s
 
--> 

Total memory usage is 162688 kilobytes

Number of errors   :    0 (   0 filtered)
Number of warnings :   74 (   0 filtered)
Number of infos    :    0 (   0 filtered)

