--------------------------------------------------------------------------------
Release 9.1.03i Trace 
Copyright (c) 1995-2007 Xilinx, Inc.  All rights reserved.

C:\Xilinx\ISE91\bin\nt\trce.exe -ise C:/usr/Xilinx/Daren-Lab2/Daren-Lab2.ise
-intstyle ise -e 3 -s 4 -xml DataPath DataPath.ncd -o DataPath.twr DataPath.pcf
-ucf SimpleComputer.ucf

Design file:              datapath.ncd
Physical constraint file: datapath.pcf
Device,package,speed:     xc3s500e,fg320,-4 (PRODUCTION 1.26 2006-10-19)
Report level:             error report

Environment Variable      Effect 
--------------------      ------ 
NONE                      No environment variables were set
--------------------------------------------------------------------------------

INFO:Timing:2698 - No timing constraints found, doing default enumeration.
INFO:Timing:2752 - To get complete path coverage, use the unconstrained paths 
   option. All paths that are not constrained will be reported in the 
   unconstrained paths section(s) of the report.
INFO:Timing:3339 - The clock-to-out numbers in this timing report are based on 
   a 50 Ohm transmission line loading model.  For the details of this model, 
   and for more information on accounting for different loading conditions, 
   please see the device datasheet.



Data Sheet report:
-----------------
All values displayed in nanoseconds (ns)

Setup/Hold to clock SCLK
------------+------------+------------+------------------+--------+
            |  Setup to  |  Hold to   |                  | Clock  |
Source      | clk (edge) | clk (edge) |Internal Clock(s) | Phase  |
------------+------------+------------+------------------+--------+
CLR         |    1.639(R)|    0.964(R)|SCLK_BUFGP        |   0.000|
CTRL<0>     |    0.375(R)|    1.149(R)|SCLK_BUFGP        |   0.000|
CTRL<1>     |    0.916(R)|    1.018(R)|SCLK_BUFGP        |   0.000|
CTRL<2>     |    5.862(R)|   -1.592(R)|SCLK_BUFGP        |   0.000|
CTRL<3>     |    7.310(R)|   -3.503(R)|SCLK_BUFGP        |   0.000|
CTRL<4>     |    1.192(R)|    0.676(R)|SCLK_BUFGP        |   0.000|
SWITCHES<0> |    3.967(R)|   -0.522(R)|SCLK_BUFGP        |   0.000|
SWITCHES<1> |    3.962(R)|   -0.517(R)|SCLK_BUFGP        |   0.000|
SWITCHES<2> |    3.959(R)|   -0.513(R)|SCLK_BUFGP        |   0.000|
SWITCHES<3> |    3.973(R)|   -0.530(R)|SCLK_BUFGP        |   0.000|
SWITCHES<4> |    3.957(R)|    0.791(R)|SCLK_BUFGP        |   0.000|
SWITCHES<5> |    3.962(R)|    0.678(R)|SCLK_BUFGP        |   0.000|
SWITCHES<6> |    3.956(R)|    1.453(R)|SCLK_BUFGP        |   0.000|
SWITCHES<7> |    3.967(R)|    0.798(R)|SCLK_BUFGP        |   0.000|
------------+------------+------------+------------------+--------+

Clock SCLK to Pad
------------+------------+------------------+--------+
            | clk (edge) |                  | Clock  |
Destination |   to PAD   |Internal Clock(s) | Phase  |
------------+------------+------------------+--------+
ACC_Final<0>|    7.850(R)|SCLK_BUFGP        |   0.000|
ACC_Final<1>|    7.941(R)|SCLK_BUFGP        |   0.000|
ACC_Final<2>|    7.945(R)|SCLK_BUFGP        |   0.000|
ACC_Final<3>|    8.051(R)|SCLK_BUFGP        |   0.000|
ACC_Final<4>|    8.254(R)|SCLK_BUFGP        |   0.000|
ACC_Final<5>|    7.692(R)|SCLK_BUFGP        |   0.000|
ACC_Final<6>|    7.974(R)|SCLK_BUFGP        |   0.000|
ACC_Final<7>|    8.992(R)|SCLK_BUFGP        |   0.000|
------------+------------+------------------+--------+

Clock to Setup on destination clock SCLK
---------------+---------+---------+---------+---------+
               | Src:Rise| Src:Fall| Src:Rise| Src:Fall|
Source Clock   |Dest:Rise|Dest:Rise|Dest:Fall|Dest:Fall|
---------------+---------+---------+---------+---------+
SCLK           |    5.654|         |         |         |
---------------+---------+---------+---------+---------+


Analysis completed Thu Oct 08 15:04:50 2009 
--------------------------------------------------------------------------------

Trace Settings:
-------------------------
Trace Settings 

Peak Memory Usage: 110 MB



