Release 9.1.03i - xst J.33
Copyright (c) 1995-2007 Xilinx, Inc.  All rights reserved.
--> Parameter TMPDIR set to ./xst/projnav.tmp
CPU : 0.00 / 0.23 s | Elapsed : 0.00 / 0.00 s
 
--> Parameter xsthdpdir set to ./xst
CPU : 0.00 / 0.23 s | Elapsed : 0.00 / 0.00 s
 
--> Reading design: top.prj

TABLE OF CONTENTS
  1) Synthesis Options Summary
  2) HDL Compilation
  3) Design Hierarchy Analysis
  4) HDL Analysis
  5) HDL Synthesis
     5.1) HDL Synthesis Report
  6) Advanced HDL Synthesis
     6.1) Advanced HDL Synthesis Report
  7) Low Level Synthesis
  8) Partition Report
  9) Final Report
     9.1) Device utilization summary
     9.2) Partition Resource Summary
     9.3) TIMING REPORT


=========================================================================
*                      Synthesis Options Summary                        *
=========================================================================
---- Source Parameters
Input File Name                    : "top.prj"
Input Format                       : mixed
Ignore Synthesis Constraint File   : NO

---- Target Parameters
Output File Name                   : "top"
Output Format                      : NGC
Target Device                      : xc3s500e-4-fg320

---- Source Options
Top Module Name                    : top
Automatic FSM Extraction           : YES
FSM Encoding Algorithm             : Auto
Safe Implementation                : No
FSM Style                          : lut
RAM Extraction                     : Yes
RAM Style                          : Auto
ROM Extraction                     : Yes
Mux Style                          : Auto
Decoder Extraction                 : YES
Priority Encoder Extraction        : YES
Shift Register Extraction          : YES
Logical Shifter Extraction         : YES
XOR Collapsing                     : YES
ROM Style                          : Auto
Mux Extraction                     : YES
Resource Sharing                   : YES
Asynchronous To Synchronous        : NO
Multiplier Style                   : auto
Automatic Register Balancing       : No

---- Target Options
Add IO Buffers                     : YES
Global Maximum Fanout              : 500
Add Generic Clock Buffer(BUFG)     : 24
Register Duplication               : YES
Slice Packing                      : YES
Optimize Instantiated Primitives   : NO
Use Clock Enable                   : Yes
Use Synchronous Set                : Yes
Use Synchronous Reset              : Yes
Pack IO Registers into IOBs        : auto
Equivalent register Removal        : YES

---- General Options
Optimization Goal                  : Speed
Optimization Effort                : 1
Library Search Order               : top.lso
Keep Hierarchy                     : NO
RTL Output                         : Yes
Global Optimization                : AllClockNets
Read Cores                         : YES
Write Timing Constraints           : NO
Cross Clock Analysis               : NO
Hierarchy Separator                : /
Bus Delimiter                      : <>
Case Specifier                     : maintain
Slice Utilization Ratio            : 100
BRAM Utilization Ratio             : 100
Verilog 2001                       : YES
Auto BRAM Packing                  : NO
Slice Utilization Ratio Delta      : 5

=========================================================================


=========================================================================
*                          HDL Compilation                              *
=========================================================================
Compiling vhdl file "C:/usr/Xilinx/Exp4/rf.vhdl" in Library work.
Architecture behavioral of Entity regfile is up to date.
Compiling vhdl file "C:/usr/Xilinx/Exp5/Mux41.vhdl" in Library work.
Architecture behavioral of Entity mux41 is up to date.
Compiling vhdl file "C:/usr/Xilinx/Exp4/8-bit Adder.vhdl" in Library work.
Architecture alladd of Entity eightbit_adder is up to date.
Compiling vhdl file "C:/usr/Xilinx/Exp5/FF.vhdl" in Library work.
Architecture behavioral of Entity ff is up to date.
Compiling vhdl file "C:/usr/Xilinx/Exp5/Counter.vhdl" in Library work.
Entity <count_3b> compiled.
Entity <count_3b> (Architecture <count>) compiled.
Compiling vhdl file "C:/usr/Xilinx/Exp5/Imem.vhdl" in Library work.
Entity <romrom> compiled.
Entity <romrom> (Architecture <behavioral>) compiled.
Compiling vhdl file "C:/usr/Xilinx/Exp5/CtrlsDec.vhdl" in Library work.
Architecture behavioral of Entity dec39 is up to date.
Compiling vhdl file "C:/usr/Xilinx/Exp4/clk_div_fs.vhdl" in Library work.
Architecture my_clk_div of Entity clk_div_fs is up to date.
Compiling vhdl file "C:/usr/Xilinx/Exp4/CU.vhdl" in Library work.
Architecture behavioral of Entity cu is up to date.
Compiling vhdl file "C:/usr/Xilinx/Exp5/Datapath.vhdl" in Library work.
Entity <dp> compiled.
Entity <dp> (Architecture <behavioral>) compiled.
Compiling vhdl file "C:/usr/Xilinx/Exp3/ssegdec_4disp.vhd" in Library work.
Architecture my_sseg of Entity sseg_dec is up to date.
Architecture my_ckt of Entity bin2bcdconv is up to date.
Compiling vhdl file "C:/usr/Xilinx/Exp4/top.vhdl" in Library work.
Architecture behavioral of Entity top is up to date.

=========================================================================
*                     Design Hierarchy Analysis                         *
=========================================================================
Analyzing hierarchy for entity <top> in library <work> (architecture <behavioral>).

Analyzing hierarchy for entity <clk_div_fs> in library <work> (architecture <my_clk_div>).

Analyzing hierarchy for entity <CU> in library <work> (architecture <behavioral>).

Analyzing hierarchy for entity <DP> in library <work> (architecture <behavioral>).

Analyzing hierarchy for entity <sseg_dec> in library <work> (architecture <my_sseg>).

Analyzing hierarchy for entity <Count_3B> in library <work> (architecture <count>).

Analyzing hierarchy for entity <romrom> in library <work> (architecture <behavioral>).

Analyzing hierarchy for entity <Dec39> in library <work> (architecture <behavioral>).

Analyzing hierarchy for entity <regfile> in library <work> (architecture <behavioral>).

Analyzing hierarchy for entity <Mux41> in library <work> (architecture <behavioral>).

Analyzing hierarchy for entity <Eightbit_Adder> in library <work> (architecture <alladd>).

Analyzing hierarchy for entity <FF> in library <work> (architecture <behavioral>).

Analyzing hierarchy for entity <bin2bcdconv> in library <work> (architecture <my_ckt>).


=========================================================================
*                            HDL Analysis                               *
=========================================================================
Analyzing Entity <top> in library <work> (Architecture <behavioral>).
Entity <top> analyzed. Unit <top> generated.

Analyzing Entity <clk_div_fs> in library <work> (Architecture <my_clk_div>).
Entity <clk_div_fs> analyzed. Unit <clk_div_fs> generated.

Analyzing Entity <CU> in library <work> (Architecture <behavioral>).
Entity <CU> analyzed. Unit <CU> generated.

Analyzing Entity <Count_3B> in library <work> (Architecture <count>).
Entity <Count_3B> analyzed. Unit <Count_3B> generated.

Analyzing Entity <romrom> in library <work> (Architecture <behavioral>).
Entity <romrom> analyzed. Unit <romrom> generated.

Analyzing Entity <Dec39> in library <work> (Architecture <behavioral>).
INFO:Xst:1561 - "C:/usr/Xilinx/Exp5/CtrlsDec.vhdl" line 43: Mux is complete : default of case is discarded
Entity <Dec39> analyzed. Unit <Dec39> generated.

Analyzing Entity <DP> in library <work> (Architecture <behavioral>).
Entity <DP> analyzed. Unit <DP> generated.

Analyzing Entity <regfile> in library <work> (Architecture <behavioral>).
Entity <regfile> analyzed. Unit <regfile> generated.

Analyzing Entity <Mux41> in library <work> (Architecture <behavioral>).
INFO:Xst:1561 - "C:/usr/Xilinx/Exp5/Mux41.vhdl" line 29: Mux is complete : default of case is discarded
WARNING:Xst:819 - "C:/usr/Xilinx/Exp5/Mux41.vhdl" line 19: The following signals are missing in the process sensitivity list:
   ZERO, ONE, TWO, THREE.
Entity <Mux41> analyzed. Unit <Mux41> generated.

Analyzing Entity <Eightbit_Adder> in library <work> (Architecture <alladd>).
Entity <Eightbit_Adder> analyzed. Unit <Eightbit_Adder> generated.

Analyzing Entity <FF> in library <work> (Architecture <behavioral>).
Entity <FF> analyzed. Unit <FF> generated.

Analyzing Entity <sseg_dec> in library <work> (Architecture <my_sseg>).
INFO:Xst:1561 - "C:/usr/Xilinx/Exp3/ssegdec_4disp.vhd" line 101: Mux is complete : default of case is discarded
INFO:Xst:1561 - "C:/usr/Xilinx/Exp3/ssegdec_4disp.vhd" line 109: Mux is complete : default of case is discarded
Entity <sseg_dec> analyzed. Unit <sseg_dec> generated.

Analyzing Entity <bin2bcdconv> in library <work> (Architecture <my_ckt>).
Entity <bin2bcdconv> analyzed. Unit <bin2bcdconv> generated.


=========================================================================
*                           HDL Synthesis                               *
=========================================================================

Performing bidirectional port resolution...

Synthesizing Unit <clk_div_fs>.
    Related source file is "C:/usr/Xilinx/Exp4/clk_div_fs.vhdl".
    Found 32-bit up counter for signal <div_cnt>.
    Found 32-bit up counter for signal <div_cnt0>.
    Found 1-bit register for signal <tmp_clkf>.
    Found 1-bit register for signal <tmp_clks>.
    Summary:
	inferred   2 Counter(s).
	inferred   2 D-type flip-flop(s).
Unit <clk_div_fs> synthesized.


Synthesizing Unit <Count_3B>.
    Related source file is "C:/usr/Xilinx/Exp5/Counter.vhdl".
WARNING:Xst:647 - Input <X<7:4>> is never used.
WARNING:Xst - Property "use_dsp48" is not applicable for this technology.
    Found 4-bit register for signal <cnt>.
    Found 4-bit adder for signal <cnt$mux0003>.
    Summary:
	inferred   4 D-type flip-flop(s).
	inferred   1 Adder/Subtractor(s).
Unit <Count_3B> synthesized.


Synthesizing Unit <romrom>.
    Related source file is "C:/usr/Xilinx/Exp5/Imem.vhdl".
    Found 16x4-bit ROM for signal <RyC$rom0000> created at line 69.
    Found 16x3-bit ROM for signal <OP$rom0000> created at line 69.
    Found 16x4-bit ROM for signal <Rx$rom0000> created at line 69.
    Summary:
	inferred   3 ROM(s).
Unit <romrom> synthesized.


Synthesizing Unit <Dec39>.
    Related source file is "C:/usr/Xilinx/Exp5/CtrlsDec.vhdl".
    Found 8x10-bit ROM for signal <DI$rom0000>.
    Summary:
	inferred   1 ROM(s).
Unit <Dec39> synthesized.


Synthesizing Unit <regfile>.
    Related source file is "C:/usr/Xilinx/Exp4/rf.vhdl".
    Found 16x8-bit dual-port RAM <Mram_mem> for signal <mem>.
    Found 16x8-bit dual-port RAM <Mram_mem_ren> for signal <mem>.
    Summary:
	inferred   2 RAM(s).
Unit <regfile> synthesized.


Synthesizing Unit <Mux41>.
    Related source file is "C:/usr/Xilinx/Exp5/Mux41.vhdl".
    Found 8-bit 4-to-1 multiplexer for signal <MO>.
    Summary:
	inferred   8 Multiplexer(s).
Unit <Mux41> synthesized.


Synthesizing Unit <Eightbit_Adder>.
    Related source file is "C:/usr/Xilinx/Exp4/8-bit Adder.vhdl".
WARNING:Xst - Property "use_dsp48" is not applicable for this technology.
    Found 8-bit adder carry in for signal <AddOut>.
    Summary:
	inferred   1 Adder/Subtractor(s).
Unit <Eightbit_Adder> synthesized.


Synthesizing Unit <FF>.
    Related source file is "C:/usr/Xilinx/Exp5/FF.vhdl".
    Found 1-bit register for signal <Q>.
    Summary:
	inferred   1 D-type flip-flop(s).
Unit <FF> synthesized.


Synthesizing Unit <bin2bcdconv>.
    Related source file is "C:/usr/Xilinx/Exp3/ssegdec_4disp.vhd".
    Using one-hot encoding for signal <msd$mux0000>.
    Using one-hot encoding for signal <mmsd$mux0000>.
WARNING:Xst - Property "use_dsp48" is not applicable for this technology.
WARNING:Xst - Property "use_dsp48" is not applicable for this technology.
WARNING:Xst - Property "use_dsp48" is not applicable for this technology.
WARNING:Xst - Property "use_dsp48" is not applicable for this technology.
WARNING:Xst - Property "use_dsp48" is not applicable for this technology.
WARNING:Xst - Property "use_dsp48" is not applicable for this technology.
WARNING:Xst - Property "use_dsp48" is not applicable for this technology.
WARNING:Xst - Property "use_dsp48" is not applicable for this technology.
WARNING:Xst - Property "use_dsp48" is not applicable for this technology.
    Found 16x4-bit ROM for signal <LSD_OUT>.
    Found 8-bit adder for signal <cnt_tot$addsub0000> created at line 156.
    Found 8-bit adder for signal <cnt_tot$addsub0001> created at line 157.
    Found 8-bit adder for signal <cnt_tot$addsub0002> created at line 158.
    Found 8-bit adder for signal <cnt_tot$addsub0003> created at line 159.
    Found 8-bit adder for signal <cnt_tot$addsub0004> created at line 160.
    Found 8-bit adder for signal <cnt_tot$addsub0005> created at line 161.
    Found 8-bit adder for signal <cnt_tot$addsub0006> created at line 162.
    Found 8-bit subtractor for signal <cnt_tot$addsub0007> created at line 173.
    Found 8-bit subtractor for signal <cnt_tot$addsub0008> created at line 180.
    Found 8-bit subtractor for signal <cnt_tot$addsub0009> created at line 180.
    Found 8-bit subtractor for signal <cnt_tot$addsub0010> created at line 180.
    Found 8-bit subtractor for signal <cnt_tot$addsub0011> created at line 180.
    Found 8-bit subtractor for signal <cnt_tot$addsub0012> created at line 180.
    Found 8-bit subtractor for signal <cnt_tot$addsub0013> created at line 180.
    Found 8-bit subtractor for signal <cnt_tot$addsub0014> created at line 180.
    Found 8-bit subtractor for signal <cnt_tot$addsub0015> created at line 180.
    Found 8-bit subtractor for signal <cnt_tot$addsub0016> created at line 180.
    Found 8-bit subtractor for signal <cnt_tot$addsub0017> created at line 180.
    Found 8-bit subtractor for signal <cnt_tot$addsub0018> created at line 180.
    Found 8-bit subtractor for signal <cnt_tot$addsub0019> created at line 180.
    Found 8-bit subtractor for signal <cnt_tot$addsub0020> created at line 180.
    Found 8-bit subtractor for signal <cnt_tot$addsub0021> created at line 180.
    Found 8-bit subtractor for signal <cnt_tot$addsub0022> created at line 180.
    Found 8-bit subtractor for signal <cnt_tot$addsub0023> created at line 180.
    Found 8-bit subtractor for signal <cnt_tot$addsub0024> created at line 180.
    Found 8-bit subtractor for signal <cnt_tot$addsub0025> created at line 180.
    Found 8-bit subtractor for signal <cnt_tot$addsub0026> created at line 180.
    Found 8-bit subtractor for signal <cnt_tot$addsub0027> created at line 180.
    Found 8-bit subtractor for signal <cnt_tot$addsub0028> created at line 180.
    Found 8-bit subtractor for signal <cnt_tot$addsub0029> created at line 180.
    Found 8-bit comparator less for signal <cnt_tot$cmp_lt0000> created at line 170.
    Found 8-bit comparator less for signal <cnt_tot$cmp_lt0001> created at line 173.
    Found 8-bit comparator less for signal <cnt_tot$cmp_lt0002> created at line 177.
    Found 8-bit comparator less for signal <cnt_tot$cmp_lt0003> created at line 180.
    Found 8-bit comparator less for signal <cnt_tot$cmp_lt0004> created at line 180.
    Found 8-bit comparator less for signal <cnt_tot$cmp_lt0005> created at line 180.
    Found 8-bit comparator less for signal <cnt_tot$cmp_lt0006> created at line 180.
    Found 8-bit comparator less for signal <cnt_tot$cmp_lt0007> created at line 180.
    Found 8-bit comparator less for signal <cnt_tot$cmp_lt0008> created at line 180.
    Found 8-bit comparator less for signal <cnt_tot$cmp_lt0009> created at line 180.
    Found 8-bit comparator less for signal <cnt_tot$cmp_lt0010> created at line 180.
    Found 8-bit subtractor for signal <cnt_tot$sub0000> created at line 173.
    Found 8-bit subtractor for signal <cnt_tot$sub0008> created at line 180.
    Found 8-bit subtractor for signal <cnt_tot$sub0015> created at line 180.
    Found 8-bit subtractor for signal <cnt_tot$sub0021> created at line 180.
    Found 8-bit subtractor for signal <cnt_tot$sub0026> created at line 180.
    Found 8-bit subtractor for signal <cnt_tot$sub0030> created at line 180.
    Found 8-bit subtractor for signal <cnt_tot$sub0033> created at line 180.
    Found 8-bit subtractor for signal <cnt_tot$sub0035> created at line 180.
    Found 8-bit subtractor for signal <cnt_tot$sub0036> created at line 180.
    Found 8-bit subtractor for signal <msd$addsub0000> created at line 180.
    Found 8-bit subtractor for signal <msd$addsub0001> created at line 180.
    Found 8-bit subtractor for signal <msd$addsub0002> created at line 180.
    Found 8-bit subtractor for signal <msd$addsub0003> created at line 180.
    Found 8-bit subtractor for signal <msd$addsub0004> created at line 180.
    Found 8-bit subtractor for signal <msd$addsub0005> created at line 180.
    Found 8-bit subtractor for signal <msd$addsub0006> created at line 180.
    Found 8-bit comparator less for signal <msd$cmp_lt0000> created at line 180.
    Found 8-bit comparator less for signal <msd$cmp_lt0001> created at line 180.
    Found 8-bit comparator less for signal <msd$cmp_lt0002> created at line 180.
    Found 8-bit comparator less for signal <msd$cmp_lt0003> created at line 180.
    Found 8-bit comparator less for signal <msd$cmp_lt0004> created at line 180.
    Found 8-bit comparator less for signal <msd$cmp_lt0005> created at line 180.
    Found 8-bit comparator less for signal <msd$cmp_lt0006> created at line 180.
    Summary:
	inferred   1 ROM(s).
	inferred  46 Adder/Subtractor(s).
	inferred  18 Comparator(s).
Unit <bin2bcdconv> synthesized.


Synthesizing Unit <CU>.
    Related source file is "C:/usr/Xilinx/Exp4/CU.vhdl".
Unit <CU> synthesized.


Synthesizing Unit <DP>.
    Related source file is "C:/usr/Xilinx/Exp5/Datapath.vhdl".
Unit <DP> synthesized.


Synthesizing Unit <sseg_dec>.
    Related source file is "C:/usr/Xilinx/Exp3/ssegdec_4disp.vhd".
    Found 16x7-bit ROM for signal <SEGMENTS>.
    Found 1-of-4 decoder for signal <DISP_EN>.
    Found 2-bit up counter for signal <cnt_dig>.
    Found 4-bit 4-to-1 multiplexer for signal <digit>.
    Summary:
	inferred   1 ROM(s).
	inferred   1 Counter(s).
	inferred   4 Multiplexer(s).
	inferred   1 Decoder(s).
Unit <sseg_dec> synthesized.


Synthesizing Unit <top>.
    Related source file is "C:/usr/Xilinx/Exp4/top.vhdl".
WARNING:Xst:1306 - Output <LEDS> is never assigned.
WARNING:Xst:646 - Signal <sigCCO> is assigned but never used.
Unit <top> synthesized.

INFO:Xst:1767 - HDL ADVISOR - Resource sharing has identified that some arithmetic operations in this design can share the same physical resources for reduced device utilization. For improved clock frequency you may try to disable resource sharing.

=========================================================================
HDL Synthesis Report

Macro Statistics
# RAMs                                                 : 2
 16x8-bit dual-port RAM                                : 2
# ROMs                                                 : 6
 16x3-bit ROM                                          : 1
 16x4-bit ROM                                          : 3
 16x7-bit ROM                                          : 1
 8x10-bit ROM                                          : 1
# Adders/Subtractors                                   : 48
 4-bit adder                                           : 1
 8-bit adder                                           : 7
 8-bit adder carry in                                  : 1
 8-bit subtractor                                      : 39
# Counters                                             : 3
 2-bit up counter                                      : 1
 32-bit up counter                                     : 2
# Registers                                            : 4
 1-bit register                                        : 3
 4-bit register                                        : 1
# Comparators                                          : 18
 8-bit comparator less                                 : 18
# Multiplexers                                         : 3
 4-bit 4-to-1 multiplexer                              : 1
 8-bit 4-to-1 multiplexer                              : 2
# Decoders                                             : 1
 1-of-4 decoder                                        : 1

=========================================================================

=========================================================================
*                       Advanced HDL Synthesis                          *
=========================================================================

Loading device for application Rf_Device from file '3s500e.nph' in environment C:\Xilinx\ISE91.
INFO:Xst:2664 - HDL ADVISOR - Unit <regfile> : The RAM <Mram_mem> will be implemented on LUTs either because you have described an asynchronous read or because of currently unsupported block RAM features. If you have described an asynchronous read, making it synchronous would allow you to take advantage of available block RAM resources, for optimized device usage and improved timings. Please refer to your documentation for coding guidelines.
    -----------------------------------------------------------------------
    | ram_type           | Distributed                         |          |
    -----------------------------------------------------------------------
    | Port A                                                              |
    |     aspect ratio   | 16-word x 8-bit                     |          |
    |     clkA           | connected to signal <clk>           | rise     |
    |     weA            | connected to signal <we3>           | high     |
    |     addrA          | connected to signal <wa3>           |          |
    |     diA            | connected to signal <wd3>           |          |
    -----------------------------------------------------------------------
    | Port B                                                              |
    |     aspect ratio   | 16-word x 8-bit                     |          |
    |     addrB          | connected to signal <ra1>           |          |
    |     doB            | connected to signal <rd1>           |          |
    -----------------------------------------------------------------------
INFO:Xst:2664 - HDL ADVISOR - Unit <regfile> : The RAM <Mram_mem_ren> will be implemented on LUTs either because you have described an asynchronous read or because of currently unsupported block RAM features. If you have described an asynchronous read, making it synchronous would allow you to take advantage of available block RAM resources, for optimized device usage and improved timings. Please refer to your documentation for coding guidelines.
    -----------------------------------------------------------------------
    | ram_type           | Distributed                         |          |
    -----------------------------------------------------------------------
    | Port A                                                              |
    |     aspect ratio   | 16-word x 8-bit                     |          |
    |     clkA           | connected to signal <clk>           | rise     |
    |     weA            | connected to signal <we3>           | high     |
    |     addrA          | connected to signal <wa3>           |          |
    |     diA            | connected to signal <wd3>           |          |
    -----------------------------------------------------------------------
    | Port B                                                              |
    |     aspect ratio   | 16-word x 8-bit                     |          |
    |     addrB          | connected to signal <ra2>           |          |
    |     doB            | connected to signal <rd2>           |          |
    -----------------------------------------------------------------------

=========================================================================
Advanced HDL Synthesis Report

Macro Statistics
# RAMs                                                 : 2
 16x8-bit dual-port distributed RAM                    : 2
# ROMs                                                 : 6
 16x3-bit ROM                                          : 1
 16x4-bit ROM                                          : 3
 16x7-bit ROM                                          : 1
 8x10-bit ROM                                          : 1
# Adders/Subtractors                                   : 48
 4-bit adder                                           : 1
 4-bit subtractor                                      : 1
 8-bit adder                                           : 7
 8-bit adder carry in                                  : 1
 8-bit subtractor                                      : 38
# Counters                                             : 3
 2-bit up counter                                      : 1
 32-bit up counter                                     : 2
# Registers                                            : 7
 Flip-Flops                                            : 7
# Comparators                                          : 18
 8-bit comparator less                                 : 18
# Multiplexers                                         : 3
 4-bit 4-to-1 multiplexer                              : 1
 8-bit 4-to-1 multiplexer                              : 2
# Decoders                                             : 1
 1-of-4 decoder                                        : 1

=========================================================================

=========================================================================
*                         Low Level Synthesis                           *
=========================================================================

Optimizing unit <top> ...

Optimizing unit <bin2bcdconv> ...

Optimizing unit <DP> ...

Mapping all equations...
Building and optimizing final netlist ...
Found area constraint ratio of 100 (+ 5) on block top, actual ratio is 3.
FlipFlop Control_Unit/PC/cnt_0 has been replicated 2 time(s)
FlipFlop Control_Unit/PC/cnt_1 has been replicated 2 time(s)
FlipFlop Control_Unit/PC/cnt_2 has been replicated 2 time(s)
FlipFlop Control_Unit/PC/cnt_3 has been replicated 2 time(s)

Final Macro Processing ...

=========================================================================
Final Register Report

Macro Statistics
# Registers                                            : 81
 Flip-Flops                                            : 81

=========================================================================

=========================================================================
*                          Partition Report                             *
=========================================================================

Partition Implementation Status
-------------------------------

  No Partitions were found in this design.

-------------------------------

=========================================================================
*                            Final Report                               *
=========================================================================
Final Results
RTL Top Level Output File Name     : top.ngr
Top Level Output File Name         : top
Output Format                      : NGC
Optimization Goal                  : Speed
Keep Hierarchy                     : NO

Design Statistics
# IOs                              : 29

Cell Usage :
# BELS                             : 393
#      GND                         : 1
#      INV                         : 5
#      LUT1                        : 62
#      LUT2                        : 17
#      LUT3                        : 27
#      LUT4                        : 109
#      LUT4_D                      : 2
#      MUXCY                       : 85
#      MUXF5                       : 12
#      MUXF6                       : 1
#      MUXF7                       : 1
#      VCC                         : 1
#      XORCY                       : 70
# FlipFlops/Latches                : 81
#      FD                          : 11
#      FDE                         : 2
#      FDR                         : 65
#      FDRS                        : 3
# RAMS                             : 16
#      RAM16X1D                    : 16
# Clock Buffers                    : 2
#      BUFG                        : 1
#      BUFGP                       : 1
# IO Buffers                       : 20
#      IBUF                        : 8
#      OBUF                        : 12
=========================================================================

Device utilization summary:
---------------------------

Selected Device : 3s500efg320-4 

 Number of Slices:                     132  out of   4656     2%  
 Number of Slice Flip Flops:            81  out of   9312     0%  
 Number of 4 input LUTs:               254  out of   9312     2%  
    Number used as logic:              222
    Number used as RAMs:                32
 Number of IOs:                         29
 Number of bonded IOBs:                 21  out of    232     9%  
 Number of GCLKs:                        2  out of     24     8%  

---------------------------
Partition Resource Summary:
---------------------------

  No Partitions were found in this design.

---------------------------


=========================================================================
TIMING REPORT

NOTE: THESE TIMING NUMBERS ARE ONLY A SYNTHESIS ESTIMATE.
      FOR ACCURATE TIMING INFORMATION PLEASE REFER TO THE TRACE REPORT
      GENERATED AFTER PLACE-and-ROUTE.

Clock Information:
------------------
-----------------------------------+------------------------+-------+
Clock Signal                       | Clock buffer(FF name)  | Load  |
-----------------------------------+------------------------+-------+
CLK                                | BUFGP                  | 66    |
Clock/tmp_clks1                    | BUFG                   | 29    |
Clock/tmp_clkf                     | NONE(Display/cnt_dig_1)| 2     |
-----------------------------------+------------------------+-------+
INFO:Xst:2169 - HDL ADVISOR - Some clock signals were not automatically buffered by XST with BUFG/BUFR resources. Please use the buffer_type constraint in order to insert these buffers to the clock signals to help prevent skew problems.

Asynchronous Control Signals Information:
----------------------------------------
No asynchronous control signals found in this design

Timing Summary:
---------------
Speed Grade: -4

   Minimum period: 9.237ns (Maximum Frequency: 108.260MHz)
   Minimum input arrival time before clock: 4.130ns
   Maximum output required time after clock: 23.726ns
   Maximum combinational path delay: No path found

Timing Detail:
--------------
All values displayed in nanoseconds (ns)

=========================================================================
Timing constraint: Default period analysis for Clock 'CLK'
  Clock period: 5.240ns (frequency: 190.857MHz)
  Total number of paths / destination ports: 3170 / 132
-------------------------------------------------------------------------
Delay:               5.240ns (Levels of Logic = 9)
  Source:            Clock/div_cnt0_8 (FF)
  Destination:       Clock/div_cnt0_0 (FF)
  Source Clock:      CLK rising
  Destination Clock: CLK rising

  Data Path: Clock/div_cnt0_8 to Clock/div_cnt0_0
                                Gate     Net
    Cell:in->out      fanout   Delay   Delay  Logical Name (Net Name)
    ----------------------------------------  ------------
     FDR:C->Q              2   0.591   0.622  Clock/div_cnt0_8 (Clock/div_cnt0_8)
     LUT4:I0->O            1   0.704   0.000  Clock/div_cnt0_cmp_eq0000_wg_lut<0> (N01)
     MUXCY:S->O            1   0.464   0.000  Clock/div_cnt0_cmp_eq0000_wg_cy<0> (Clock/div_cnt0_cmp_eq0000_wg_cy<0>)
     MUXCY:CI->O           1   0.059   0.000  Clock/div_cnt0_cmp_eq0000_wg_cy<1> (Clock/div_cnt0_cmp_eq0000_wg_cy<1>)
     MUXCY:CI->O           1   0.059   0.000  Clock/div_cnt0_cmp_eq0000_wg_cy<2> (Clock/div_cnt0_cmp_eq0000_wg_cy<2>)
     MUXCY:CI->O           1   0.059   0.000  Clock/div_cnt0_cmp_eq0000_wg_cy<3> (Clock/div_cnt0_cmp_eq0000_wg_cy<3>)
     MUXCY:CI->O           1   0.059   0.000  Clock/div_cnt0_cmp_eq0000_wg_cy<4> (Clock/div_cnt0_cmp_eq0000_wg_cy<4>)
     MUXCY:CI->O           1   0.059   0.000  Clock/div_cnt0_cmp_eq0000_wg_cy<5> (Clock/div_cnt0_cmp_eq0000_wg_cy<5>)
     MUXCY:CI->O           1   0.059   0.000  Clock/div_cnt0_cmp_eq0000_wg_cy<6> (Clock/div_cnt0_cmp_eq0000_wg_cy<6>)
     MUXCY:CI->O          33   0.331   1.263  Clock/div_cnt0_cmp_eq0000_wg_cy<7> (Clock/div_cnt0_cmp_eq0000)
     FDR:R                     0.911          Clock/div_cnt0_0
    ----------------------------------------
    Total                      5.240ns (3.355ns logic, 1.885ns route)
                                       (64.0% logic, 36.0% route)

=========================================================================
Timing constraint: Default period analysis for Clock 'Clock/tmp_clks1'
  Clock period: 9.237ns (frequency: 108.260MHz)
  Total number of paths / destination ports: 5466 / 179
-------------------------------------------------------------------------
Delay:               9.237ns (Levels of Logic = 9)
  Source:            Control_Unit/PC/cnt_1_1 (FF)
  Destination:       Datapath/inst_Mram_mem10 (RAM)
  Source Clock:      Clock/tmp_clks1 rising
  Destination Clock: Clock/tmp_clks1 rising

  Data Path: Control_Unit/PC/cnt_1_1 to Datapath/inst_Mram_mem10
                                Gate     Net
    Cell:in->out      fanout   Delay   Delay  Logical Name (Net Name)
    ----------------------------------------  ------------
     FD:C->Q               4   0.591   0.762  Control_Unit/PC/cnt_1_1 (Control_Unit/PC/cnt_1_1)
     LUT4:I0->O           10   0.704   0.882  Control_Unit/Imem/Mrom_RyC_rom000041 (Control_Unit/Imem/Mrom_RyC_rom00003)
     RAM16X1D:DPRA3->DPO    1   0.704   0.499  Datapath/inst_Mram_mem8 (Datapath/sigRy<0>)
     LUT2:I1->O            1   0.704   0.455  Datapath/MuxA/Mmux_MO_4 (Datapath/N31)
     LUT4:I2->O            1   0.704   0.000  Datapath/Adder/Madd_AddOut_lut<0> (Datapath/N41)
     MUXCY:S->O            1   0.464   0.000  Datapath/Adder/Madd_AddOut_cy<0> (Datapath/Adder/Madd_AddOut_cy<0>)
     MUXCY:CI->O           1   0.059   0.000  Datapath/Adder/Madd_AddOut_cy<1> (Datapath/Adder/Madd_AddOut_cy<1>)
     XORCY:CI->O           1   0.804   0.499  Datapath/Adder/Madd_AddOut_xor<2> (Datapath/TEST<2>)
     LUT3:I1->O            1   0.704   0.000  Datapath/MuxW/Mmux_MO_32 (Datapath/N52)
     MUXF5:I1->O           2   0.321   0.000  Datapath/MuxW/Mmux_MO_2_f5_1 (Datapath/sigMOW<2>)
     RAM16X1D:D                0.381          Datapath/inst_Mram_mem2
    ----------------------------------------
    Total                      9.237ns (6.140ns logic, 3.097ns route)
                                       (66.5% logic, 33.5% route)

=========================================================================
Timing constraint: Default period analysis for Clock 'Clock/tmp_clkf'
  Clock period: 2.665ns (frequency: 375.234MHz)
  Total number of paths / destination ports: 3 / 2
-------------------------------------------------------------------------
Delay:               2.665ns (Levels of Logic = 1)
  Source:            Display/cnt_dig_0 (FF)
  Destination:       Display/cnt_dig_1 (FF)
  Source Clock:      Clock/tmp_clkf rising
  Destination Clock: Clock/tmp_clkf rising

  Data Path: Display/cnt_dig_0 to Display/cnt_dig_1
                                Gate     Net
    Cell:in->out      fanout   Delay   Delay  Logical Name (Net Name)
    ----------------------------------------  ------------
     FDR:C->Q             13   0.591   1.062  Display/cnt_dig_0 (Display/cnt_dig_0)
     LUT2:I1->O            1   0.704   0.000  Display/Mcount_cnt_dig_xor<1>11 (Result<1>2)
     FD:D                      0.308          Display/cnt_dig_1
    ----------------------------------------
    Total                      2.665ns (1.603ns logic, 1.062ns route)
                                       (60.2% logic, 39.8% route)

=========================================================================
Timing constraint: Default OFFSET IN BEFORE for Clock 'Clock/tmp_clks1'
  Total number of paths / destination ports: 32 / 16
-------------------------------------------------------------------------
Offset:              4.130ns (Levels of Logic = 3)
  Source:            SW74<3> (PAD)
  Destination:       Datapath/inst_Mram_mem15 (RAM)
  Destination Clock: Clock/tmp_clks1 rising

  Data Path: SW74<3> to Datapath/inst_Mram_mem15
                                Gate     Net
    Cell:in->out      fanout   Delay   Delay  Logical Name (Net Name)
    ----------------------------------------  ------------
     IBUF:I->O             1   1.218   0.455  SW74_3_IBUF (SW74_3_IBUF)
     LUT4:I2->O            5   0.704   0.668  Datapath/MuxW/Mmux_MO211 (Datapath/N81)
     LUT4:I2->O            2   0.704   0.000  Datapath/MuxW/Mmux_MO21 (Datapath/sigMOW<4>)
     RAM16X1D:D                0.381          Datapath/inst_Mram_mem4
    ----------------------------------------
    Total                      4.130ns (3.007ns logic, 1.123ns route)
                                       (72.8% logic, 27.2% route)

=========================================================================
Timing constraint: Default OFFSET OUT AFTER for Clock 'CLK'
  Total number of paths / destination ports: 1 / 1
-------------------------------------------------------------------------
Offset:              4.394ns (Levels of Logic = 1)
  Source:            Clock/tmp_clks (FF)
  Destination:       LD0 (PAD)
  Source Clock:      CLK rising

  Data Path: Clock/tmp_clks to LD0
                                Gate     Net
    Cell:in->out      fanout   Delay   Delay  Logical Name (Net Name)
    ----------------------------------------  ------------
     FDE:C->Q              3   0.591   0.531  Clock/tmp_clks (Clock/tmp_clks1)
     OBUF:I->O                 3.272          LD0_OBUF (LD0)
    ----------------------------------------
    Total                      4.394ns (3.863ns logic, 0.531ns route)
                                       (87.9% logic, 12.1% route)

=========================================================================
Timing constraint: Default OFFSET OUT AFTER for Clock 'Clock/tmp_clkf'
  Total number of paths / destination ports: 92 / 11
-------------------------------------------------------------------------
Offset:              9.998ns (Levels of Logic = 5)
  Source:            Display/cnt_dig_0 (FF)
  Destination:       SEGMENTS<4> (PAD)
  Source Clock:      Clock/tmp_clkf rising

  Data Path: Display/cnt_dig_0 to SEGMENTS<4>
                                Gate     Net
    Cell:in->out      fanout   Delay   Delay  Logical Name (Net Name)
    ----------------------------------------  ------------
     FDR:C->Q             13   0.591   1.062  Display/cnt_dig_0 (Display/cnt_dig_0)
     LUT4:I1->O            1   0.704   0.499  Display/Mmux_digit28 (Display/Mmux_digit2_map4)
     LUT3:I1->O            1   0.704   0.455  Display/Mmux_digit2143_SW0 (N607)
     LUT4:I2->O            7   0.704   0.883  Display/Mmux_digit2143 (Display/digit<1>)
     LUT4:I0->O            1   0.704   0.420  Display/Mrom_SEGMENTS51 (Display/Mrom_SEGMENTS4)
     OBUF:I->O                 3.272          SEGMENTS_4_OBUF (SEGMENTS<4>)
    ----------------------------------------
    Total                      9.998ns (6.679ns logic, 3.319ns route)
                                       (66.8% logic, 33.2% route)

=========================================================================
Timing constraint: Default OFFSET OUT AFTER for Clock 'Clock/tmp_clks1'
  Total number of paths / destination ports: 402899 / 7
-------------------------------------------------------------------------
Offset:              23.726ns (Levels of Logic = 15)
  Source:            Control_Unit/PC/cnt_3 (FF)
  Destination:       SEGMENTS<6> (PAD)
  Source Clock:      Clock/tmp_clks1 rising

  Data Path: Control_Unit/PC/cnt_3 to SEGMENTS<6>
                                Gate     Net
    Cell:in->out      fanout   Delay   Delay  Logical Name (Net Name)
    ----------------------------------------  ------------
     FD:C->Q              21   0.591   1.207  Control_Unit/PC/cnt_3 (Control_Unit/PC/cnt_3)
     LUT4:I1->O           98   0.704   1.283  Control_Unit/Control/Mrom_DI_rom0000111 (Control_Unit/Control/Mrom_DI_rom00001)
     RAM16X1D:DPRA2->DPO    8   0.704   0.836  Datapath/inst_Mram_mem7 (Datapath/X<7>)
     LUT2:I1->O            8   0.704   0.932  Datapath/DP_OUT<7>1 (sigDPO<7>)
     LUT4:I0->O            1   0.704   0.424  Display/my_conv/cnt_tot_mux0008<3>_SW1 (N56)
     LUT4:I3->O           19   0.704   1.260  Display/my_conv/cnt_tot_mux0008<3> (Display/my_conv/Msub_cnt_tot_sub00364)
     LUT3:I0->O            3   0.704   0.706  Display/my_conv/cnt_tot_mux0009<1>41 (Display/my_conv/N12)
     LUT4:I0->O            1   0.704   0.499  Display/my_conv/cnt_tot_mux0009<1>2_SW0 (N49)
     LUT4:I1->O            2   0.704   0.451  Display/my_conv/cnt_tot_mux0009<1>2 (Display/my_conv/N171)
     LUT4:I3->O            3   0.704   0.610  Display/my_conv/cnt_tot_mux0009<1>82 (Display/my_conv/cnt_tot_mux0009<1>_map22)
     LUT3:I1->O            1   0.704   0.424  Display/Mmux_digit1174_SW0_SW0 (N624)
     LUT4:I3->O            1   0.704   0.455  Display/Mmux_digit1174_SW0 (N596)
     LUT3:I2->O            1   0.704   0.000  Display/Mmux_digit1186_G (N631)
     MUXF5:I1->O           7   0.321   0.883  Display/Mmux_digit1186 (Display/digit<0>)
     LUT4:I0->O            1   0.704   0.420  Display/Mrom_SEGMENTS61 (Display/Mrom_SEGMENTS5)
     OBUF:I->O                 3.272          SEGMENTS_5_OBUF (SEGMENTS<5>)
    ----------------------------------------
    Total                     23.726ns (13.336ns logic, 10.390ns route)
                                       (56.2% logic, 43.8% route)

=========================================================================
CPU : 12.55 / 12.81 s | Elapsed : 13.00 / 13.00 s
 
--> 

Total memory usage is 165760 kilobytes

Number of errors   :    0 (   0 filtered)
Number of warnings :   15 (   0 filtered)
Number of infos    :    8 (   0 filtered)

